[debug] [2026-03-06T10:03:24.938Z] ----------------------------------------------------------------------
[debug] [2026-03-06T10:03:24.941Z] Command:       C:\Program Files\nodejs\node.exe C:\Users\kalna\AppData\Roaming\npm\node_modules\firebase-tools\lib\bin\firebase.js deploy --only hosting
[debug] [2026-03-06T10:03:24.942Z] CLI Version:   15.5.1
[debug] [2026-03-06T10:03:24.942Z] Platform:      win32
[debug] [2026-03-06T10:03:24.942Z] Node Version:  v24.11.1
[debug] [2026-03-06T10:03:24.942Z] Time:          Fri Mar 06 2026 19:03:24 GMT+0900 (대한민국 표준시)
[debug] [2026-03-06T10:03:24.942Z] ----------------------------------------------------------------------
[debug] 
[debug] [2026-03-06T10:03:26.355Z] > command requires scopes: ["email","openid","https://www.googleapis.com/auth/cloudplatformprojects.readonly","https://www.googleapis.com/auth/firebase","https://www.googleapis.com/auth/cloud-platform"]
[debug] [2026-03-06T10:03:26.355Z] > authorizing via signed-in user (leeshouxuan@gmail.com)
[debug] [2026-03-06T10:03:26.355Z] [iam] checking project type-p-3eec8 for permissions ["firebase.projects.get","firebasehosting.sites.update"]
[debug] [2026-03-06T10:03:26.356Z] Checked if tokens are valid: true, expires at: 1772794134847
[debug] [2026-03-06T10:03:26.356Z] Checked if tokens are valid: true, expires at: 1772794134847
[debug] [2026-03-06T10:03:26.357Z] >>> [apiv2][query] POST https://cloudresourcemanager.googleapis.com/v1/projects/type-p-3eec8:testIamPermissions [none]
[debug] [2026-03-06T10:03:26.357Z] >>> [apiv2][(partial)header] POST https://cloudresourcemanager.googleapis.com/v1/projects/type-p-3eec8:testIamPermissions  x-goog-user-project=type-p-3eec8
[debug] [2026-03-06T10:03:26.357Z] >>> [apiv2][body] POST https://cloudresourcemanager.googleapis.com/v1/projects/type-p-3eec8:testIamPermissions {"permissions":["firebase.projects.get","firebasehosting.sites.update"]}
[debug] [2026-03-06T10:03:26.614Z] <<< [apiv2][status] POST https://cloudresourcemanager.googleapis.com/v1/projects/type-p-3eec8:testIamPermissions 200
[debug] [2026-03-06T10:03:26.614Z] <<< [apiv2][body] POST https://cloudresourcemanager.googleapis.com/v1/projects/type-p-3eec8:testIamPermissions {"permissions":["firebase.projects.get","firebasehosting.sites.update"]}
[debug] [2026-03-06T10:03:26.614Z] Checked if tokens are valid: true, expires at: 1772794134847
[debug] [2026-03-06T10:03:26.614Z] Checked if tokens are valid: true, expires at: 1772794134847
[debug] [2026-03-06T10:03:26.614Z] >>> [apiv2][query] GET https://firebase.googleapis.com/v1beta1/projects/type-p-3eec8 [none]
[debug] [2026-03-06T10:03:27.049Z] <<< [apiv2][status] GET https://firebase.googleapis.com/v1beta1/projects/type-p-3eec8 200
[debug] [2026-03-06T10:03:27.049Z] <<< [apiv2][body] GET https://firebase.googleapis.com/v1beta1/projects/type-p-3eec8 {"projectId":"type-p-3eec8","projectNumber":"29245150954","displayName":"type-p","name":"projects/type-p-3eec8","resources":{"hostingSite":"type-p-3eec8"},"state":"ACTIVE","etag":"1_3443c729-550d-4e30-9025-481537e7c7cc"}
[info] 
[info] === Deploying to 'type-p-3eec8'...
[info] 
[info] i  deploying hosting 
[debug] [2026-03-06T10:03:27.052Z] Checked if tokens are valid: true, expires at: 1772794134847
[debug] [2026-03-06T10:03:27.052Z] Checked if tokens are valid: true, expires at: 1772794134847
[debug] [2026-03-06T10:03:27.052Z] >>> [apiv2][query] POST https://firebasehosting.googleapis.com/v1beta1/projects/-/sites/type-p-3eec8/versions [none]
[debug] [2026-03-06T10:03:27.052Z] >>> [apiv2][body] POST https://firebasehosting.googleapis.com/v1beta1/projects/-/sites/type-p-3eec8/versions {"status":"CREATED","labels":{"deployment-tool":"cli-firebase"}}
